<?xml version="1.0" encoding="utf-8" ?>
<!DOCTYPE html PUBLIC "-//W3C//DTD XHTML 1.0 Strict//EN"
        "http://www.w3.org/TR/xhtml1/DTD/xhtml1-strict.dtd">
<html xmlns="http://www.w3.org/1999/xhtml" xml:lang="" lang="">
<head>
  <title>Test Results Report - Job Search Test</title>
  <meta http-equiv="Content-Type" content="text/html;charset=utf-8" />
  <meta name="description" content="TestNG unit test results." />
  <link href="reportng.css" rel="stylesheet" type="text/css" />
    <script type="text/javascript" src="reportng.js"></script>
</head>
<body>
<h1>Job Search Test</h1>
<p>
  Test duration: 335.163s
</p>



  <table class="resultsTable">
    <tr><th colspan="3" class="header failed">Failed Tests</th></tr>
          <tr>
        <td colspan="3" class="group">uk.co.library.testsuite.JobSearchTest</td>
      </tr>
            
<tr>
  <td class="method">
                  verifyJobSearchResultUsingDifferentDataSet
      </td>
  <td class="duration">
    27.274s
  </td>
  <td class="result">
        
          <i>Method arguments: </i><span class="arguments">"Automation Tester", "HA1 1AB", "up to 10 miles", "300", "400", "Per day", "Contract", "Contract Automation Tester jobs in HA1 1AB"</span><br />
    
            <div class="testOutput">
                        Enter Job Title : 'Automation Tester' Job title field<br>
                                Enter location : 'HA1 1AB' location field<br>
                                Select distance : 'up to 10 miles' distance field<br>
                                Click on 'More Search Option' Link<br>
                                Enter minimum salary : '[[ChromeDriver: chrome on WINDOWS (103bcd32615a75134c067e6e669e4bb5)] -> xpath: //input[@id='salarymin']]' Salary Min. field<br>
                                Enter maximum salary : '[[ChromeDriver: chrome on WINDOWS (103bcd32615a75134c067e6e669e4bb5)] -> xpath: //input[@id='salarymax']]' Salary Max. field<br>
                                Select salary type : 'Per day' from dropdown<br>
                                Select distance : 'Contract' distance field<br>
                                More Search Options' link<br>
                                Click to see screenshot
                                <a target = "_blank" href=C:\Users\Sairam12\IdeaProjects\nop-commerce-week13\orangehrm_week13\xcartdemoweek13\com_nopcommerce-sw-4_week13\cv-library-uk/test-output/html/verifyJobSearchResultUsingDifferentDataSetTue_May_10_22_01_53_BST_2022.jpg>Screenshot</a>
                                <br>
                                <br>
                                <a target = "_blank" href=C:\Users\Sairam12\IdeaProjects\nop-commerce-week13\orangehrm_week13\xcartdemoweek13\com_nopcommerce-sw-4_week13\cv-library-uk/test-output/html/verifyJobSearchResultUsingDifferentDataSetTue_May_10_22_01_53_BST_2022.jpg><img src=C:\Users\Sairam12\IdeaProjects\nop-commerce-week13\orangehrm_week13\xcartdemoweek13\com_nopcommerce-sw-4_week13\cv-library-uk/test-output/html/verifyJobSearchResultUsingDifferentDataSetTue_May_10_22_01_53_BST_2022.jpg height=200 width=200></img></a>
                                Click to see screenshot
                                <a target = "_blank" href=C:\Users\Sairam12\IdeaProjects\nop-commerce-week13\orangehrm_week13\xcartdemoweek13\com_nopcommerce-sw-4_week13\cv-library-uk/test-output/html/verifyJobSearchResultUsingDifferentDataSetTue_May_10_22_01_53_BST_2022.jpg>Screenshot</a>
                                <br>
                                <br>
                                <a target = "_blank" href=C:\Users\Sairam12\IdeaProjects\nop-commerce-week13\orangehrm_week13\xcartdemoweek13\com_nopcommerce-sw-4_week13\cv-library-uk/test-output/html/verifyJobSearchResultUsingDifferentDataSetTue_May_10_22_01_53_BST_2022.jpg><img src=C:\Users\Sairam12\IdeaProjects\nop-commerce-week13\orangehrm_week13\xcartdemoweek13\com_nopcommerce-sw-4_week13\cv-library-uk/test-output/html/verifyJobSearchResultUsingDifferentDataSetTue_May_10_22_01_53_BST_2022.jpg height=200 width=200></img></a>
                  </div>
    

        <a href="javascript:toggleElement('exception-0', 'block')" title="Click to expand/collapse"><b>org.openqa.selenium.NoSuchElementException: no such element: Unable to locate element: {&quot;method&quot;:&quot;xpath&quot;,&quot;selector&quot;:&quot;//h1[normalize-space()=&apos;Automation Tester jobs in Harrow on the Hill&apos;]&quot;}<br/>
&nbsp; (Session info: chrome=101.0.4951.54)<br/>
For documentation on this error, please visit: https://selenium.dev/exceptions/#no_such_element<br/>
Build info: version: &apos;4.1.3&apos;, revision: &apos;7b1ebf28ef&apos;<br/>
System info: host: &apos;RISHABH&apos;, ip: &apos;192.168.0.15&apos;, os.name: &apos;Windows 10&apos;, os.arch: &apos;amd64&apos;, os.version: &apos;10.0&apos;, java.version: &apos;1.8.0_121&apos;<br/>
Driver info: org.openqa.selenium.chrome.ChromeDriver<br/>
Command: [103bcd32615a75134c067e6e669e4bb5, findElement {using=xpath, value=//h1[normalize-space()=&apos;Automation Tester jobs in Harrow on the Hill&apos;]}]<br/>
Capabilities {acceptInsecureCerts: false, browserName: chrome, browserVersion: 101.0.4951.54, chrome: {chromedriverVersion: 101.0.4951.41 (93c720db8323..., userDataDir: C:\Users\Sairam12\AppData\L...}, goog:chromeOptions: {debuggerAddress: localhost:64488}, javascriptEnabled: true, networkConnectionEnabled: false, pageLoadStrategy: normal, platform: WINDOWS, platformName: WINDOWS, proxy: Proxy(), se:cdp: ws://localhost:64488/devtoo..., se:cdpVersion: 101.0.4951.54, setWindowRect: true, strictFileInteractability: false, timeouts: {implicit: 0, pageLoad: 300000, script: 30000}, unhandledPromptBehavior: dismiss and notify, webauthn:extension:credBlob: true, webauthn:extension:largeBlob: true, webauthn:virtualAuthenticators: true}<br/>
Session ID: 103bcd32615a75134c067e6e669e4bb5</b></a><br />
    <div class="stackTrace" id="exception-0">
              sun.reflect.NativeConstructorAccessorImpl.newInstance0(Native Method)<br />
              sun.reflect.NativeConstructorAccessorImpl.newInstance(NativeConstructorAccessorImpl.java:62)<br />
              sun.reflect.DelegatingConstructorAccessorImpl.newInstance(DelegatingConstructorAccessorImpl.java:45)<br />
              java.lang.reflect.Constructor.newInstance(Constructor.java:423)<br />
              org.openqa.selenium.remote.codec.w3c.W3CHttpResponseCodec.createException(W3CHttpResponseCodec.java:200)<br />
              org.openqa.selenium.remote.codec.w3c.W3CHttpResponseCodec.decode(W3CHttpResponseCodec.java:133)<br />
              org.openqa.selenium.remote.codec.w3c.W3CHttpResponseCodec.decode(W3CHttpResponseCodec.java:53)<br />
              org.openqa.selenium.remote.HttpCommandExecutor.execute(HttpCommandExecutor.java:184)<br />
              org.openqa.selenium.remote.service.DriverCommandExecutor.invokeExecute(DriverCommandExecutor.java:167)<br />
              org.openqa.selenium.remote.service.DriverCommandExecutor.execute(DriverCommandExecutor.java:142)<br />
              org.openqa.selenium.remote.RemoteWebDriver.execute(RemoteWebDriver.java:567)<br />
              org.openqa.selenium.remote.ElementLocation$ElementFinder$2.findElement(ElementLocation.java:162)<br />
              org.openqa.selenium.remote.ElementLocation.findElement(ElementLocation.java:60)<br />
              org.openqa.selenium.remote.RemoteWebDriver.findElement(RemoteWebDriver.java:385)<br />
              org.openqa.selenium.remote.RemoteWebDriver.findElement(RemoteWebDriver.java:377)<br />
              org.openqa.selenium.support.pagefactory.DefaultElementLocator.findElement(DefaultElementLocator.java:70)<br />
              org.openqa.selenium.support.pagefactory.internal.LocatingElementHandler.invoke(LocatingElementHandler.java:39)<br />
              com.sun.proxy.$Proxy17.getText(Unknown Source)<br />
              uk.co.library.utility.Utility.getTextFromElement(Utility.java:41)<br />
              uk.co.library.pages.ResultPage.getSearchResultText(ResultPage.java:25)<br />
              uk.co.library.pages.ResultPage.verifyTheResults(ResultPage.java:31)<br />
              uk.co.library.testsuite.JobSearchTest.verifyJobSearchResultUsingDifferentDataSet(JobSearchTest.java:37)<br />
              sun.reflect.NativeMethodAccessorImpl.invoke0(Native Method)<br />
              sun.reflect.NativeMethodAccessorImpl.invoke(NativeMethodAccessorImpl.java:62)<br />
              sun.reflect.DelegatingMethodAccessorImpl.invoke(DelegatingMethodAccessorImpl.java:43)<br />
              java.lang.reflect.Method.invoke(Method.java:498)<br />
              org.testng.internal.MethodInvocationHelper.invokeMethod(MethodInvocationHelper.java:124)<br />
              org.testng.internal.Invoker.invokeMethod(Invoker.java:583)<br />
              org.testng.internal.Invoker.invokeTestMethod(Invoker.java:719)<br />
              org.testng.internal.Invoker.invokeTestMethods(Invoker.java:989)<br />
              org.testng.internal.TestMethodWorker.invokeTestMethods(TestMethodWorker.java:125)<br />
              org.testng.internal.TestMethodWorker.run(TestMethodWorker.java:109)<br />
              org.testng.TestRunner.privateRun(TestRunner.java:648)<br />
              org.testng.TestRunner.run(TestRunner.java:505)<br />
              org.testng.SuiteRunner.runTest(SuiteRunner.java:455)<br />
              org.testng.SuiteRunner.runSequentially(SuiteRunner.java:450)<br />
              org.testng.SuiteRunner.privateRun(SuiteRunner.java:415)<br />
              org.testng.SuiteRunner.run(SuiteRunner.java:364)<br />
              org.testng.SuiteRunnerWorker.runSuite(SuiteRunnerWorker.java:52)<br />
              org.testng.SuiteRunnerWorker.run(SuiteRunnerWorker.java:84)<br />
              org.testng.TestNG.runSuitesSequentially(TestNG.java:1208)<br />
              org.testng.TestNG.runSuitesLocally(TestNG.java:1137)<br />
              org.testng.TestNG.runSuites(TestNG.java:1049)<br />
              org.testng.TestNG.run(TestNG.java:1017)<br />
              com.intellij.rt.testng.IDEARemoteTestNG.run(IDEARemoteTestNG.java:66)<br />
              com.intellij.rt.testng.RemoteTestNGStarter.main(RemoteTestNGStarter.java:109)<br />
                </div>
      </td>
</tr>
<tr>
  <td class="method">
                  verifyJobSearchResultUsingDifferentDataSet
      </td>
  <td class="duration">
    33.515s
  </td>
  <td class="result">
        
          <i>Method arguments: </i><span class="arguments">"Manual Software Tester", "West Sussex", "up to 10 miles", "30000", "60000", "Per annum", "Any", "Manual Software Tester jobs in West Sussex"</span><br />
    
            <div class="testOutput">
                        Enter Job Title : 'Manual Software Tester' Job title field<br>
                                Enter location : 'West Sussex' location field<br>
                                Select distance : 'up to 10 miles' distance field<br>
                                Click on 'More Search Option' Link<br>
                                Enter minimum salary : '[[ChromeDriver: chrome on WINDOWS (3a1dcd3171d851b4ae36e02a9baff535)] -> xpath: //input[@id='salarymin']]' Salary Min. field<br>
                                Enter maximum salary : '[[ChromeDriver: chrome on WINDOWS (3a1dcd3171d851b4ae36e02a9baff535)] -> xpath: //input[@id='salarymax']]' Salary Max. field<br>
                                Select salary type : 'Per annum' from dropdown<br>
                                Select distance : 'Any' distance field<br>
                                More Search Options' link<br>
                                Click to see screenshot
                                <a target = "_blank" href=C:\Users\Sairam12\IdeaProjects\nop-commerce-week13\orangehrm_week13\xcartdemoweek13\com_nopcommerce-sw-4_week13\cv-library-uk/test-output/html/verifyJobSearchResultUsingDifferentDataSetTue_May_10_22_00_21_BST_2022.jpg>Screenshot</a>
                                <br>
                                <br>
                                <a target = "_blank" href=C:\Users\Sairam12\IdeaProjects\nop-commerce-week13\orangehrm_week13\xcartdemoweek13\com_nopcommerce-sw-4_week13\cv-library-uk/test-output/html/verifyJobSearchResultUsingDifferentDataSetTue_May_10_22_00_21_BST_2022.jpg><img src=C:\Users\Sairam12\IdeaProjects\nop-commerce-week13\orangehrm_week13\xcartdemoweek13\com_nopcommerce-sw-4_week13\cv-library-uk/test-output/html/verifyJobSearchResultUsingDifferentDataSetTue_May_10_22_00_21_BST_2022.jpg height=200 width=200></img></a>
                                Click to see screenshot
                                <a target = "_blank" href=C:\Users\Sairam12\IdeaProjects\nop-commerce-week13\orangehrm_week13\xcartdemoweek13\com_nopcommerce-sw-4_week13\cv-library-uk/test-output/html/verifyJobSearchResultUsingDifferentDataSetTue_May_10_22_00_22_BST_2022.jpg>Screenshot</a>
                                <br>
                                <br>
                                <a target = "_blank" href=C:\Users\Sairam12\IdeaProjects\nop-commerce-week13\orangehrm_week13\xcartdemoweek13\com_nopcommerce-sw-4_week13\cv-library-uk/test-output/html/verifyJobSearchResultUsingDifferentDataSetTue_May_10_22_00_22_BST_2022.jpg><img src=C:\Users\Sairam12\IdeaProjects\nop-commerce-week13\orangehrm_week13\xcartdemoweek13\com_nopcommerce-sw-4_week13\cv-library-uk/test-output/html/verifyJobSearchResultUsingDifferentDataSetTue_May_10_22_00_22_BST_2022.jpg height=200 width=200></img></a>
                  </div>
    

        <a href="javascript:toggleElement('exception-1', 'block')" title="Click to expand/collapse"><b>org.openqa.selenium.NoSuchElementException: no such element: Unable to locate element: {&quot;method&quot;:&quot;xpath&quot;,&quot;selector&quot;:&quot;//h1[normalize-space()=&apos;Automation Tester jobs in Harrow on the Hill&apos;]&quot;}<br/>
&nbsp; (Session info: chrome=101.0.4951.54)<br/>
For documentation on this error, please visit: https://selenium.dev/exceptions/#no_such_element<br/>
Build info: version: &apos;4.1.3&apos;, revision: &apos;7b1ebf28ef&apos;<br/>
System info: host: &apos;RISHABH&apos;, ip: &apos;192.168.0.15&apos;, os.name: &apos;Windows 10&apos;, os.arch: &apos;amd64&apos;, os.version: &apos;10.0&apos;, java.version: &apos;1.8.0_121&apos;<br/>
Driver info: org.openqa.selenium.chrome.ChromeDriver<br/>
Command: [3a1dcd3171d851b4ae36e02a9baff535, findElement {using=xpath, value=//h1[normalize-space()=&apos;Automation Tester jobs in Harrow on the Hill&apos;]}]<br/>
Capabilities {acceptInsecureCerts: false, browserName: chrome, browserVersion: 101.0.4951.54, chrome: {chromedriverVersion: 101.0.4951.41 (93c720db8323..., userDataDir: C:\Users\Sairam12\AppData\L...}, goog:chromeOptions: {debuggerAddress: localhost:64050}, javascriptEnabled: true, networkConnectionEnabled: false, pageLoadStrategy: normal, platform: WINDOWS, platformName: WINDOWS, proxy: Proxy(), se:cdp: ws://localhost:64050/devtoo..., se:cdpVersion: 101.0.4951.54, setWindowRect: true, strictFileInteractability: false, timeouts: {implicit: 0, pageLoad: 300000, script: 30000}, unhandledPromptBehavior: dismiss and notify, webauthn:extension:credBlob: true, webauthn:extension:largeBlob: true, webauthn:virtualAuthenticators: true}<br/>
Session ID: 3a1dcd3171d851b4ae36e02a9baff535</b></a><br />
    <div class="stackTrace" id="exception-1">
              sun.reflect.NativeConstructorAccessorImpl.newInstance0(Native Method)<br />
              sun.reflect.NativeConstructorAccessorImpl.newInstance(NativeConstructorAccessorImpl.java:62)<br />
              sun.reflect.DelegatingConstructorAccessorImpl.newInstance(DelegatingConstructorAccessorImpl.java:45)<br />
              java.lang.reflect.Constructor.newInstance(Constructor.java:423)<br />
              org.openqa.selenium.remote.codec.w3c.W3CHttpResponseCodec.createException(W3CHttpResponseCodec.java:200)<br />
              org.openqa.selenium.remote.codec.w3c.W3CHttpResponseCodec.decode(W3CHttpResponseCodec.java:133)<br />
              org.openqa.selenium.remote.codec.w3c.W3CHttpResponseCodec.decode(W3CHttpResponseCodec.java:53)<br />
              org.openqa.selenium.remote.HttpCommandExecutor.execute(HttpCommandExecutor.java:184)<br />
              org.openqa.selenium.remote.service.DriverCommandExecutor.invokeExecute(DriverCommandExecutor.java:167)<br />
              org.openqa.selenium.remote.service.DriverCommandExecutor.execute(DriverCommandExecutor.java:142)<br />
              org.openqa.selenium.remote.RemoteWebDriver.execute(RemoteWebDriver.java:567)<br />
              org.openqa.selenium.remote.ElementLocation$ElementFinder$2.findElement(ElementLocation.java:162)<br />
              org.openqa.selenium.remote.ElementLocation.findElement(ElementLocation.java:60)<br />
              org.openqa.selenium.remote.RemoteWebDriver.findElement(RemoteWebDriver.java:385)<br />
              org.openqa.selenium.remote.RemoteWebDriver.findElement(RemoteWebDriver.java:377)<br />
              org.openqa.selenium.support.pagefactory.DefaultElementLocator.findElement(DefaultElementLocator.java:70)<br />
              org.openqa.selenium.support.pagefactory.internal.LocatingElementHandler.invoke(LocatingElementHandler.java:39)<br />
              com.sun.proxy.$Proxy17.getText(Unknown Source)<br />
              uk.co.library.utility.Utility.getTextFromElement(Utility.java:41)<br />
              uk.co.library.pages.ResultPage.getSearchResultText(ResultPage.java:25)<br />
              uk.co.library.pages.ResultPage.verifyTheResults(ResultPage.java:31)<br />
              uk.co.library.testsuite.JobSearchTest.verifyJobSearchResultUsingDifferentDataSet(JobSearchTest.java:37)<br />
              sun.reflect.NativeMethodAccessorImpl.invoke0(Native Method)<br />
              sun.reflect.NativeMethodAccessorImpl.invoke(NativeMethodAccessorImpl.java:62)<br />
              sun.reflect.DelegatingMethodAccessorImpl.invoke(DelegatingMethodAccessorImpl.java:43)<br />
              java.lang.reflect.Method.invoke(Method.java:498)<br />
              org.testng.internal.MethodInvocationHelper.invokeMethod(MethodInvocationHelper.java:124)<br />
              org.testng.internal.Invoker.invokeMethod(Invoker.java:583)<br />
              org.testng.internal.Invoker.invokeTestMethod(Invoker.java:719)<br />
              org.testng.internal.Invoker.invokeTestMethods(Invoker.java:989)<br />
              org.testng.internal.TestMethodWorker.invokeTestMethods(TestMethodWorker.java:125)<br />
              org.testng.internal.TestMethodWorker.run(TestMethodWorker.java:109)<br />
              org.testng.TestRunner.privateRun(TestRunner.java:648)<br />
              org.testng.TestRunner.run(TestRunner.java:505)<br />
              org.testng.SuiteRunner.runTest(SuiteRunner.java:455)<br />
              org.testng.SuiteRunner.runSequentially(SuiteRunner.java:450)<br />
              org.testng.SuiteRunner.privateRun(SuiteRunner.java:415)<br />
              org.testng.SuiteRunner.run(SuiteRunner.java:364)<br />
              org.testng.SuiteRunnerWorker.runSuite(SuiteRunnerWorker.java:52)<br />
              org.testng.SuiteRunnerWorker.run(SuiteRunnerWorker.java:84)<br />
              org.testng.TestNG.runSuitesSequentially(TestNG.java:1208)<br />
              org.testng.TestNG.runSuitesLocally(TestNG.java:1137)<br />
              org.testng.TestNG.runSuites(TestNG.java:1049)<br />
              org.testng.TestNG.run(TestNG.java:1017)<br />
              com.intellij.rt.testng.IDEARemoteTestNG.run(IDEARemoteTestNG.java:66)<br />
              com.intellij.rt.testng.RemoteTestNGStarter.main(RemoteTestNGStarter.java:109)<br />
                </div>
      </td>
</tr>
<tr>
  <td class="method">
                  verifyJobSearchResultUsingDifferentDataSet
      </td>
  <td class="duration">
    46.416s
  </td>
  <td class="result">
        
          <i>Method arguments: </i><span class="arguments">"Research Scientist", "SS12 0NY", "up to 10 miles", "400", "500", "Per day", "Contract", "Contract Research Scientist jobs in SS12 0NY"</span><br />
    
            <div class="testOutput">
                        Enter Job Title : 'Research Scientist' Job title field<br>
                                Enter location : 'SS12 0NY' location field<br>
                                Select distance : 'up to 10 miles' distance field<br>
                                Click on 'More Search Option' Link<br>
                                Enter minimum salary : '[[ChromeDriver: chrome on WINDOWS (a446da565c7fdafce802ade7b41a2b9c)] -> xpath: //input[@id='salarymin']]' Salary Min. field<br>
                                Enter maximum salary : '[[ChromeDriver: chrome on WINDOWS (a446da565c7fdafce802ade7b41a2b9c)] -> xpath: //input[@id='salarymax']]' Salary Max. field<br>
                                Select salary type : 'Per day' from dropdown<br>
                                Select distance : 'Contract' distance field<br>
                                More Search Options' link<br>
                                Click to see screenshot
                                <a target = "_blank" href=C:\Users\Sairam12\IdeaProjects\nop-commerce-week13\orangehrm_week13\xcartdemoweek13\com_nopcommerce-sw-4_week13\cv-library-uk/test-output/html/verifyJobSearchResultUsingDifferentDataSetTue_May_10_22_02_52_BST_2022.jpg>Screenshot</a>
                                <br>
                                <br>
                                <a target = "_blank" href=C:\Users\Sairam12\IdeaProjects\nop-commerce-week13\orangehrm_week13\xcartdemoweek13\com_nopcommerce-sw-4_week13\cv-library-uk/test-output/html/verifyJobSearchResultUsingDifferentDataSetTue_May_10_22_02_52_BST_2022.jpg><img src=C:\Users\Sairam12\IdeaProjects\nop-commerce-week13\orangehrm_week13\xcartdemoweek13\com_nopcommerce-sw-4_week13\cv-library-uk/test-output/html/verifyJobSearchResultUsingDifferentDataSetTue_May_10_22_02_52_BST_2022.jpg height=200 width=200></img></a>
                                Click to see screenshot
                                <a target = "_blank" href=C:\Users\Sairam12\IdeaProjects\nop-commerce-week13\orangehrm_week13\xcartdemoweek13\com_nopcommerce-sw-4_week13\cv-library-uk/test-output/html/verifyJobSearchResultUsingDifferentDataSetTue_May_10_22_02_53_BST_2022.jpg>Screenshot</a>
                                <br>
                                <br>
                                <a target = "_blank" href=C:\Users\Sairam12\IdeaProjects\nop-commerce-week13\orangehrm_week13\xcartdemoweek13\com_nopcommerce-sw-4_week13\cv-library-uk/test-output/html/verifyJobSearchResultUsingDifferentDataSetTue_May_10_22_02_53_BST_2022.jpg><img src=C:\Users\Sairam12\IdeaProjects\nop-commerce-week13\orangehrm_week13\xcartdemoweek13\com_nopcommerce-sw-4_week13\cv-library-uk/test-output/html/verifyJobSearchResultUsingDifferentDataSetTue_May_10_22_02_53_BST_2022.jpg height=200 width=200></img></a>
                  </div>
    

        <a href="javascript:toggleElement('exception-2', 'block')" title="Click to expand/collapse"><b>org.openqa.selenium.NoSuchElementException: no such element: Unable to locate element: {&quot;method&quot;:&quot;xpath&quot;,&quot;selector&quot;:&quot;//h1[normalize-space()=&apos;Automation Tester jobs in Harrow on the Hill&apos;]&quot;}<br/>
&nbsp; (Session info: chrome=101.0.4951.54)<br/>
For documentation on this error, please visit: https://selenium.dev/exceptions/#no_such_element<br/>
Build info: version: &apos;4.1.3&apos;, revision: &apos;7b1ebf28ef&apos;<br/>
System info: host: &apos;RISHABH&apos;, ip: &apos;192.168.0.15&apos;, os.name: &apos;Windows 10&apos;, os.arch: &apos;amd64&apos;, os.version: &apos;10.0&apos;, java.version: &apos;1.8.0_121&apos;<br/>
Driver info: org.openqa.selenium.chrome.ChromeDriver<br/>
Command: [a446da565c7fdafce802ade7b41a2b9c, findElement {using=xpath, value=//h1[normalize-space()=&apos;Automation Tester jobs in Harrow on the Hill&apos;]}]<br/>
Capabilities {acceptInsecureCerts: false, browserName: chrome, browserVersion: 101.0.4951.54, chrome: {chromedriverVersion: 101.0.4951.41 (93c720db8323..., userDataDir: C:\Users\Sairam12\AppData\L...}, goog:chromeOptions: {debuggerAddress: localhost:49491}, javascriptEnabled: true, networkConnectionEnabled: false, pageLoadStrategy: normal, platform: WINDOWS, platformName: WINDOWS, proxy: Proxy(), se:cdp: ws://localhost:49491/devtoo..., se:cdpVersion: 101.0.4951.54, setWindowRect: true, strictFileInteractability: false, timeouts: {implicit: 0, pageLoad: 300000, script: 30000}, unhandledPromptBehavior: dismiss and notify, webauthn:extension:credBlob: true, webauthn:extension:largeBlob: true, webauthn:virtualAuthenticators: true}<br/>
Session ID: a446da565c7fdafce802ade7b41a2b9c</b></a><br />
    <div class="stackTrace" id="exception-2">
              sun.reflect.NativeConstructorAccessorImpl.newInstance0(Native Method)<br />
              sun.reflect.NativeConstructorAccessorImpl.newInstance(NativeConstructorAccessorImpl.java:62)<br />
              sun.reflect.DelegatingConstructorAccessorImpl.newInstance(DelegatingConstructorAccessorImpl.java:45)<br />
              java.lang.reflect.Constructor.newInstance(Constructor.java:423)<br />
              org.openqa.selenium.remote.codec.w3c.W3CHttpResponseCodec.createException(W3CHttpResponseCodec.java:200)<br />
              org.openqa.selenium.remote.codec.w3c.W3CHttpResponseCodec.decode(W3CHttpResponseCodec.java:133)<br />
              org.openqa.selenium.remote.codec.w3c.W3CHttpResponseCodec.decode(W3CHttpResponseCodec.java:53)<br />
              org.openqa.selenium.remote.HttpCommandExecutor.execute(HttpCommandExecutor.java:184)<br />
              org.openqa.selenium.remote.service.DriverCommandExecutor.invokeExecute(DriverCommandExecutor.java:167)<br />
              org.openqa.selenium.remote.service.DriverCommandExecutor.execute(DriverCommandExecutor.java:142)<br />
              org.openqa.selenium.remote.RemoteWebDriver.execute(RemoteWebDriver.java:567)<br />
              org.openqa.selenium.remote.ElementLocation$ElementFinder$2.findElement(ElementLocation.java:162)<br />
              org.openqa.selenium.remote.ElementLocation.findElement(ElementLocation.java:60)<br />
              org.openqa.selenium.remote.RemoteWebDriver.findElement(RemoteWebDriver.java:385)<br />
              org.openqa.selenium.remote.RemoteWebDriver.findElement(RemoteWebDriver.java:377)<br />
              org.openqa.selenium.support.pagefactory.DefaultElementLocator.findElement(DefaultElementLocator.java:70)<br />
              org.openqa.selenium.support.pagefactory.internal.LocatingElementHandler.invoke(LocatingElementHandler.java:39)<br />
              com.sun.proxy.$Proxy17.getText(Unknown Source)<br />
              uk.co.library.utility.Utility.getTextFromElement(Utility.java:41)<br />
              uk.co.library.pages.ResultPage.getSearchResultText(ResultPage.java:25)<br />
              uk.co.library.pages.ResultPage.verifyTheResults(ResultPage.java:31)<br />
              uk.co.library.testsuite.JobSearchTest.verifyJobSearchResultUsingDifferentDataSet(JobSearchTest.java:37)<br />
              sun.reflect.NativeMethodAccessorImpl.invoke0(Native Method)<br />
              sun.reflect.NativeMethodAccessorImpl.invoke(NativeMethodAccessorImpl.java:62)<br />
              sun.reflect.DelegatingMethodAccessorImpl.invoke(DelegatingMethodAccessorImpl.java:43)<br />
              java.lang.reflect.Method.invoke(Method.java:498)<br />
              org.testng.internal.MethodInvocationHelper.invokeMethod(MethodInvocationHelper.java:124)<br />
              org.testng.internal.Invoker.invokeMethod(Invoker.java:583)<br />
              org.testng.internal.Invoker.invokeTestMethod(Invoker.java:719)<br />
              org.testng.internal.Invoker.invokeTestMethods(Invoker.java:989)<br />
              org.testng.internal.TestMethodWorker.invokeTestMethods(TestMethodWorker.java:125)<br />
              org.testng.internal.TestMethodWorker.run(TestMethodWorker.java:109)<br />
              org.testng.TestRunner.privateRun(TestRunner.java:648)<br />
              org.testng.TestRunner.run(TestRunner.java:505)<br />
              org.testng.SuiteRunner.runTest(SuiteRunner.java:455)<br />
              org.testng.SuiteRunner.runSequentially(SuiteRunner.java:450)<br />
              org.testng.SuiteRunner.privateRun(SuiteRunner.java:415)<br />
              org.testng.SuiteRunner.run(SuiteRunner.java:364)<br />
              org.testng.SuiteRunnerWorker.runSuite(SuiteRunnerWorker.java:52)<br />
              org.testng.SuiteRunnerWorker.run(SuiteRunnerWorker.java:84)<br />
              org.testng.TestNG.runSuitesSequentially(TestNG.java:1208)<br />
              org.testng.TestNG.runSuitesLocally(TestNG.java:1137)<br />
              org.testng.TestNG.runSuites(TestNG.java:1049)<br />
              org.testng.TestNG.run(TestNG.java:1017)<br />
              com.intellij.rt.testng.IDEARemoteTestNG.run(IDEARemoteTestNG.java:66)<br />
              com.intellij.rt.testng.RemoteTestNGStarter.main(RemoteTestNGStarter.java:109)<br />
                </div>
      </td>
</tr>
<tr>
  <td class="method">
                  verifyJobSearchResultUsingDifferentDataSet
      </td>
  <td class="duration">
    26.126s
  </td>
  <td class="result">
        
          <i>Method arguments: </i><span class="arguments">"Software Tester", "Crawley", "up to 5 miles", "30000", "500000", "Per annum", "Permanent", "Permanent Software Tester jobs in Crawley"</span><br />
    
            <div class="testOutput">
                        Enter Job Title : 'Software Tester' Job title field<br>
                                Enter location : 'Crawley' location field<br>
                                Select distance : 'up to 5 miles' distance field<br>
                                Click on 'More Search Option' Link<br>
                                Enter minimum salary : '[[ChromeDriver: chrome on WINDOWS (b987a2ad494bb2fb7f588940b6904817)] -> xpath: //input[@id='salarymin']]' Salary Min. field<br>
                                Enter maximum salary : '[[ChromeDriver: chrome on WINDOWS (b987a2ad494bb2fb7f588940b6904817)] -> xpath: //input[@id='salarymax']]' Salary Max. field<br>
                                Select salary type : 'Per annum' from dropdown<br>
                                Select distance : 'Permanent' distance field<br>
                                More Search Options' link<br>
                                Click to see screenshot
                                <a target = "_blank" href=C:\Users\Sairam12\IdeaProjects\nop-commerce-week13\orangehrm_week13\xcartdemoweek13\com_nopcommerce-sw-4_week13\cv-library-uk/test-output/html/verifyJobSearchResultUsingDifferentDataSetTue_May_10_21_58_47_BST_2022.jpg>Screenshot</a>
                                <br>
                                <br>
                                <a target = "_blank" href=C:\Users\Sairam12\IdeaProjects\nop-commerce-week13\orangehrm_week13\xcartdemoweek13\com_nopcommerce-sw-4_week13\cv-library-uk/test-output/html/verifyJobSearchResultUsingDifferentDataSetTue_May_10_21_58_47_BST_2022.jpg><img src=C:\Users\Sairam12\IdeaProjects\nop-commerce-week13\orangehrm_week13\xcartdemoweek13\com_nopcommerce-sw-4_week13\cv-library-uk/test-output/html/verifyJobSearchResultUsingDifferentDataSetTue_May_10_21_58_47_BST_2022.jpg height=200 width=200></img></a>
                                Click to see screenshot
                                <a target = "_blank" href=C:\Users\Sairam12\IdeaProjects\nop-commerce-week13\orangehrm_week13\xcartdemoweek13\com_nopcommerce-sw-4_week13\cv-library-uk/test-output/html/verifyJobSearchResultUsingDifferentDataSetTue_May_10_21_58_48_BST_2022.jpg>Screenshot</a>
                                <br>
                                <br>
                                <a target = "_blank" href=C:\Users\Sairam12\IdeaProjects\nop-commerce-week13\orangehrm_week13\xcartdemoweek13\com_nopcommerce-sw-4_week13\cv-library-uk/test-output/html/verifyJobSearchResultUsingDifferentDataSetTue_May_10_21_58_48_BST_2022.jpg><img src=C:\Users\Sairam12\IdeaProjects\nop-commerce-week13\orangehrm_week13\xcartdemoweek13\com_nopcommerce-sw-4_week13\cv-library-uk/test-output/html/verifyJobSearchResultUsingDifferentDataSetTue_May_10_21_58_48_BST_2022.jpg height=200 width=200></img></a>
                  </div>
    

        <a href="javascript:toggleElement('exception-3', 'block')" title="Click to expand/collapse"><b>org.openqa.selenium.NoSuchElementException: no such element: Unable to locate element: {&quot;method&quot;:&quot;xpath&quot;,&quot;selector&quot;:&quot;//h1[normalize-space()=&apos;Automation Tester jobs in Harrow on the Hill&apos;]&quot;}<br/>
&nbsp; (Session info: chrome=101.0.4951.54)<br/>
For documentation on this error, please visit: https://selenium.dev/exceptions/#no_such_element<br/>
Build info: version: &apos;4.1.3&apos;, revision: &apos;7b1ebf28ef&apos;<br/>
System info: host: &apos;RISHABH&apos;, ip: &apos;192.168.0.15&apos;, os.name: &apos;Windows 10&apos;, os.arch: &apos;amd64&apos;, os.version: &apos;10.0&apos;, java.version: &apos;1.8.0_121&apos;<br/>
Driver info: org.openqa.selenium.chrome.ChromeDriver<br/>
Command: [b987a2ad494bb2fb7f588940b6904817, findElement {using=xpath, value=//h1[normalize-space()=&apos;Automation Tester jobs in Harrow on the Hill&apos;]}]<br/>
Capabilities {acceptInsecureCerts: false, browserName: chrome, browserVersion: 101.0.4951.54, chrome: {chromedriverVersion: 101.0.4951.41 (93c720db8323..., userDataDir: C:\Users\Sairam12\AppData\L...}, goog:chromeOptions: {debuggerAddress: localhost:62067}, javascriptEnabled: true, networkConnectionEnabled: false, pageLoadStrategy: normal, platform: WINDOWS, platformName: WINDOWS, proxy: Proxy(), se:cdp: ws://localhost:62067/devtoo..., se:cdpVersion: 101.0.4951.54, setWindowRect: true, strictFileInteractability: false, timeouts: {implicit: 0, pageLoad: 300000, script: 30000}, unhandledPromptBehavior: dismiss and notify, webauthn:extension:credBlob: true, webauthn:extension:largeBlob: true, webauthn:virtualAuthenticators: true}<br/>
Session ID: b987a2ad494bb2fb7f588940b6904817</b></a><br />
    <div class="stackTrace" id="exception-3">
              sun.reflect.NativeConstructorAccessorImpl.newInstance0(Native Method)<br />
              sun.reflect.NativeConstructorAccessorImpl.newInstance(NativeConstructorAccessorImpl.java:62)<br />
              sun.reflect.DelegatingConstructorAccessorImpl.newInstance(DelegatingConstructorAccessorImpl.java:45)<br />
              java.lang.reflect.Constructor.newInstance(Constructor.java:423)<br />
              org.openqa.selenium.remote.codec.w3c.W3CHttpResponseCodec.createException(W3CHttpResponseCodec.java:200)<br />
              org.openqa.selenium.remote.codec.w3c.W3CHttpResponseCodec.decode(W3CHttpResponseCodec.java:133)<br />
              org.openqa.selenium.remote.codec.w3c.W3CHttpResponseCodec.decode(W3CHttpResponseCodec.java:53)<br />
              org.openqa.selenium.remote.HttpCommandExecutor.execute(HttpCommandExecutor.java:184)<br />
              org.openqa.selenium.remote.service.DriverCommandExecutor.invokeExecute(DriverCommandExecutor.java:167)<br />
              org.openqa.selenium.remote.service.DriverCommandExecutor.execute(DriverCommandExecutor.java:142)<br />
              org.openqa.selenium.remote.RemoteWebDriver.execute(RemoteWebDriver.java:567)<br />
              org.openqa.selenium.remote.ElementLocation$ElementFinder$2.findElement(ElementLocation.java:162)<br />
              org.openqa.selenium.remote.ElementLocation.findElement(ElementLocation.java:60)<br />
              org.openqa.selenium.remote.RemoteWebDriver.findElement(RemoteWebDriver.java:385)<br />
              org.openqa.selenium.remote.RemoteWebDriver.findElement(RemoteWebDriver.java:377)<br />
              org.openqa.selenium.support.pagefactory.DefaultElementLocator.findElement(DefaultElementLocator.java:70)<br />
              org.openqa.selenium.support.pagefactory.internal.LocatingElementHandler.invoke(LocatingElementHandler.java:39)<br />
              com.sun.proxy.$Proxy17.getText(Unknown Source)<br />
              uk.co.library.utility.Utility.getTextFromElement(Utility.java:41)<br />
              uk.co.library.pages.ResultPage.getSearchResultText(ResultPage.java:25)<br />
              uk.co.library.pages.ResultPage.verifyTheResults(ResultPage.java:31)<br />
              uk.co.library.testsuite.JobSearchTest.verifyJobSearchResultUsingDifferentDataSet(JobSearchTest.java:37)<br />
              sun.reflect.NativeMethodAccessorImpl.invoke0(Native Method)<br />
              sun.reflect.NativeMethodAccessorImpl.invoke(NativeMethodAccessorImpl.java:62)<br />
              sun.reflect.DelegatingMethodAccessorImpl.invoke(DelegatingMethodAccessorImpl.java:43)<br />
              java.lang.reflect.Method.invoke(Method.java:498)<br />
              org.testng.internal.MethodInvocationHelper.invokeMethod(MethodInvocationHelper.java:124)<br />
              org.testng.internal.Invoker.invokeMethod(Invoker.java:583)<br />
              org.testng.internal.Invoker.invokeTestMethod(Invoker.java:719)<br />
              org.testng.internal.Invoker.invokeTestMethods(Invoker.java:989)<br />
              org.testng.internal.TestMethodWorker.invokeTestMethods(TestMethodWorker.java:125)<br />
              org.testng.internal.TestMethodWorker.run(TestMethodWorker.java:109)<br />
              org.testng.TestRunner.privateRun(TestRunner.java:648)<br />
              org.testng.TestRunner.run(TestRunner.java:505)<br />
              org.testng.SuiteRunner.runTest(SuiteRunner.java:455)<br />
              org.testng.SuiteRunner.runSequentially(SuiteRunner.java:450)<br />
              org.testng.SuiteRunner.privateRun(SuiteRunner.java:415)<br />
              org.testng.SuiteRunner.run(SuiteRunner.java:364)<br />
              org.testng.SuiteRunnerWorker.runSuite(SuiteRunnerWorker.java:52)<br />
              org.testng.SuiteRunnerWorker.run(SuiteRunnerWorker.java:84)<br />
              org.testng.TestNG.runSuitesSequentially(TestNG.java:1208)<br />
              org.testng.TestNG.runSuitesLocally(TestNG.java:1137)<br />
              org.testng.TestNG.runSuites(TestNG.java:1049)<br />
              org.testng.TestNG.run(TestNG.java:1017)<br />
              com.intellij.rt.testng.IDEARemoteTestNG.run(IDEARemoteTestNG.java:66)<br />
              com.intellij.rt.testng.RemoteTestNGStarter.main(RemoteTestNGStarter.java:109)<br />
                </div>
      </td>
</tr>
<tr>
  <td class="method">
                  verifyJobSearchResultUsingDifferentDataSet
      </td>
  <td class="duration">
    33.372s
  </td>
  <td class="result">
        
          <i>Method arguments: </i><span class="arguments">"Software Automation Tester", "Harrow", "up to 15 miles", "30000", "50000", "Per annum", "Contract", "Contract Software Automation Tester jobs in Harrow on the Hill"</span><br />
    
            <div class="testOutput">
                        Enter Job Title : 'Software Automation Tester' Job title field<br>
                                Enter location : 'Harrow' location field<br>
                                Select distance : 'up to 15 miles' distance field<br>
                                Click on 'More Search Option' Link<br>
                                Enter minimum salary : '[[ChromeDriver: chrome on WINDOWS (9662cab1d92d3b2e262a21a3bba2d511)] -> xpath: //input[@id='salarymin']]' Salary Min. field<br>
                                Enter maximum salary : '[[ChromeDriver: chrome on WINDOWS (9662cab1d92d3b2e262a21a3bba2d511)] -> xpath: //input[@id='salarymax']]' Salary Max. field<br>
                                Select salary type : 'Per annum' from dropdown<br>
                                Select distance : 'Contract' distance field<br>
                                More Search Options' link<br>
                                Click to see screenshot
                                <a target = "_blank" href=C:\Users\Sairam12\IdeaProjects\nop-commerce-week13\orangehrm_week13\xcartdemoweek13\com_nopcommerce-sw-4_week13\cv-library-uk/test-output/html/verifyJobSearchResultUsingDifferentDataSetTue_May_10_21_59_34_BST_2022.jpg>Screenshot</a>
                                <br>
                                <br>
                                <a target = "_blank" href=C:\Users\Sairam12\IdeaProjects\nop-commerce-week13\orangehrm_week13\xcartdemoweek13\com_nopcommerce-sw-4_week13\cv-library-uk/test-output/html/verifyJobSearchResultUsingDifferentDataSetTue_May_10_21_59_34_BST_2022.jpg><img src=C:\Users\Sairam12\IdeaProjects\nop-commerce-week13\orangehrm_week13\xcartdemoweek13\com_nopcommerce-sw-4_week13\cv-library-uk/test-output/html/verifyJobSearchResultUsingDifferentDataSetTue_May_10_21_59_34_BST_2022.jpg height=200 width=200></img></a>
                                Click to see screenshot
                                <a target = "_blank" href=C:\Users\Sairam12\IdeaProjects\nop-commerce-week13\orangehrm_week13\xcartdemoweek13\com_nopcommerce-sw-4_week13\cv-library-uk/test-output/html/verifyJobSearchResultUsingDifferentDataSetTue_May_10_21_59_34_BST_2022.jpg>Screenshot</a>
                                <br>
                                <br>
                                <a target = "_blank" href=C:\Users\Sairam12\IdeaProjects\nop-commerce-week13\orangehrm_week13\xcartdemoweek13\com_nopcommerce-sw-4_week13\cv-library-uk/test-output/html/verifyJobSearchResultUsingDifferentDataSetTue_May_10_21_59_34_BST_2022.jpg><img src=C:\Users\Sairam12\IdeaProjects\nop-commerce-week13\orangehrm_week13\xcartdemoweek13\com_nopcommerce-sw-4_week13\cv-library-uk/test-output/html/verifyJobSearchResultUsingDifferentDataSetTue_May_10_21_59_34_BST_2022.jpg height=200 width=200></img></a>
                  </div>
    

        <a href="javascript:toggleElement('exception-4', 'block')" title="Click to expand/collapse"><b>org.openqa.selenium.NoSuchElementException: no such element: Unable to locate element: {&quot;method&quot;:&quot;xpath&quot;,&quot;selector&quot;:&quot;//h1[normalize-space()=&apos;Automation Tester jobs in Harrow on the Hill&apos;]&quot;}<br/>
&nbsp; (Session info: chrome=101.0.4951.54)<br/>
For documentation on this error, please visit: https://selenium.dev/exceptions/#no_such_element<br/>
Build info: version: &apos;4.1.3&apos;, revision: &apos;7b1ebf28ef&apos;<br/>
System info: host: &apos;RISHABH&apos;, ip: &apos;192.168.0.15&apos;, os.name: &apos;Windows 10&apos;, os.arch: &apos;amd64&apos;, os.version: &apos;10.0&apos;, java.version: &apos;1.8.0_121&apos;<br/>
Driver info: org.openqa.selenium.chrome.ChromeDriver<br/>
Command: [9662cab1d92d3b2e262a21a3bba2d511, findElement {using=xpath, value=//h1[normalize-space()=&apos;Automation Tester jobs in Harrow on the Hill&apos;]}]<br/>
Capabilities {acceptInsecureCerts: false, browserName: chrome, browserVersion: 101.0.4951.54, chrome: {chromedriverVersion: 101.0.4951.41 (93c720db8323..., userDataDir: C:\Users\Sairam12\AppData\L...}, goog:chromeOptions: {debuggerAddress: localhost:57536}, javascriptEnabled: true, networkConnectionEnabled: false, pageLoadStrategy: normal, platform: WINDOWS, platformName: WINDOWS, proxy: Proxy(), se:cdp: ws://localhost:57536/devtoo..., se:cdpVersion: 101.0.4951.54, setWindowRect: true, strictFileInteractability: false, timeouts: {implicit: 0, pageLoad: 300000, script: 30000}, unhandledPromptBehavior: dismiss and notify, webauthn:extension:credBlob: true, webauthn:extension:largeBlob: true, webauthn:virtualAuthenticators: true}<br/>
Session ID: 9662cab1d92d3b2e262a21a3bba2d511</b></a><br />
    <div class="stackTrace" id="exception-4">
              sun.reflect.NativeConstructorAccessorImpl.newInstance0(Native Method)<br />
              sun.reflect.NativeConstructorAccessorImpl.newInstance(NativeConstructorAccessorImpl.java:62)<br />
              sun.reflect.DelegatingConstructorAccessorImpl.newInstance(DelegatingConstructorAccessorImpl.java:45)<br />
              java.lang.reflect.Constructor.newInstance(Constructor.java:423)<br />
              org.openqa.selenium.remote.codec.w3c.W3CHttpResponseCodec.createException(W3CHttpResponseCodec.java:200)<br />
              org.openqa.selenium.remote.codec.w3c.W3CHttpResponseCodec.decode(W3CHttpResponseCodec.java:133)<br />
              org.openqa.selenium.remote.codec.w3c.W3CHttpResponseCodec.decode(W3CHttpResponseCodec.java:53)<br />
              org.openqa.selenium.remote.HttpCommandExecutor.execute(HttpCommandExecutor.java:184)<br />
              org.openqa.selenium.remote.service.DriverCommandExecutor.invokeExecute(DriverCommandExecutor.java:167)<br />
              org.openqa.selenium.remote.service.DriverCommandExecutor.execute(DriverCommandExecutor.java:142)<br />
              org.openqa.selenium.remote.RemoteWebDriver.execute(RemoteWebDriver.java:567)<br />
              org.openqa.selenium.remote.ElementLocation$ElementFinder$2.findElement(ElementLocation.java:162)<br />
              org.openqa.selenium.remote.ElementLocation.findElement(ElementLocation.java:60)<br />
              org.openqa.selenium.remote.RemoteWebDriver.findElement(RemoteWebDriver.java:385)<br />
              org.openqa.selenium.remote.RemoteWebDriver.findElement(RemoteWebDriver.java:377)<br />
              org.openqa.selenium.support.pagefactory.DefaultElementLocator.findElement(DefaultElementLocator.java:70)<br />
              org.openqa.selenium.support.pagefactory.internal.LocatingElementHandler.invoke(LocatingElementHandler.java:39)<br />
              com.sun.proxy.$Proxy17.getText(Unknown Source)<br />
              uk.co.library.utility.Utility.getTextFromElement(Utility.java:41)<br />
              uk.co.library.pages.ResultPage.getSearchResultText(ResultPage.java:25)<br />
              uk.co.library.pages.ResultPage.verifyTheResults(ResultPage.java:31)<br />
              uk.co.library.testsuite.JobSearchTest.verifyJobSearchResultUsingDifferentDataSet(JobSearchTest.java:37)<br />
              sun.reflect.NativeMethodAccessorImpl.invoke0(Native Method)<br />
              sun.reflect.NativeMethodAccessorImpl.invoke(NativeMethodAccessorImpl.java:62)<br />
              sun.reflect.DelegatingMethodAccessorImpl.invoke(DelegatingMethodAccessorImpl.java:43)<br />
              java.lang.reflect.Method.invoke(Method.java:498)<br />
              org.testng.internal.MethodInvocationHelper.invokeMethod(MethodInvocationHelper.java:124)<br />
              org.testng.internal.Invoker.invokeMethod(Invoker.java:583)<br />
              org.testng.internal.Invoker.invokeTestMethod(Invoker.java:719)<br />
              org.testng.internal.Invoker.invokeTestMethods(Invoker.java:989)<br />
              org.testng.internal.TestMethodWorker.invokeTestMethods(TestMethodWorker.java:125)<br />
              org.testng.internal.TestMethodWorker.run(TestMethodWorker.java:109)<br />
              org.testng.TestRunner.privateRun(TestRunner.java:648)<br />
              org.testng.TestRunner.run(TestRunner.java:505)<br />
              org.testng.SuiteRunner.runTest(SuiteRunner.java:455)<br />
              org.testng.SuiteRunner.runSequentially(SuiteRunner.java:450)<br />
              org.testng.SuiteRunner.privateRun(SuiteRunner.java:415)<br />
              org.testng.SuiteRunner.run(SuiteRunner.java:364)<br />
              org.testng.SuiteRunnerWorker.runSuite(SuiteRunnerWorker.java:52)<br />
              org.testng.SuiteRunnerWorker.run(SuiteRunnerWorker.java:84)<br />
              org.testng.TestNG.runSuitesSequentially(TestNG.java:1208)<br />
              org.testng.TestNG.runSuitesLocally(TestNG.java:1137)<br />
              org.testng.TestNG.runSuites(TestNG.java:1049)<br />
              org.testng.TestNG.run(TestNG.java:1017)<br />
              com.intellij.rt.testng.IDEARemoteTestNG.run(IDEARemoteTestNG.java:66)<br />
              com.intellij.rt.testng.RemoteTestNGStarter.main(RemoteTestNGStarter.java:109)<br />
                </div>
      </td>
</tr>
<tr>
  <td class="method">
                  verifyJobSearchResultUsingDifferentDataSet
      </td>
  <td class="duration">
    37.956s
  </td>
  <td class="result">
        
          <i>Method arguments: </i><span class="arguments">"Tester", "Watford, Hertfordshire", "up to 5 miles", "40000", "60000", "Per annum", "Contract", "Contract Tester jobs in Watford"</span><br />
    
            <div class="testOutput">
                        Enter Job Title : 'Tester' Job title field<br>
                                Enter location : 'Watford, Hertfordshire' location field<br>
                                Select distance : 'up to 5 miles' distance field<br>
                                Click on 'More Search Option' Link<br>
                                Enter minimum salary : '[[ChromeDriver: chrome on WINDOWS (4e3e0e0a3f326310733696011b82e983)] -> xpath: //input[@id='salarymin']]' Salary Min. field<br>
                                Enter maximum salary : '[[ChromeDriver: chrome on WINDOWS (4e3e0e0a3f326310733696011b82e983)] -> xpath: //input[@id='salarymax']]' Salary Max. field<br>
                                Select salary type : 'Per annum' from dropdown<br>
                                Select distance : 'Contract' distance field<br>
                                More Search Options' link<br>
                                Click to see screenshot
                                <a target = "_blank" href=C:\Users\Sairam12\IdeaProjects\nop-commerce-week13\orangehrm_week13\xcartdemoweek13\com_nopcommerce-sw-4_week13\cv-library-uk/test-output/html/verifyJobSearchResultUsingDifferentDataSetTue_May_10_22_03_43_BST_2022.jpg>Screenshot</a>
                                <br>
                                <br>
                                <a target = "_blank" href=C:\Users\Sairam12\IdeaProjects\nop-commerce-week13\orangehrm_week13\xcartdemoweek13\com_nopcommerce-sw-4_week13\cv-library-uk/test-output/html/verifyJobSearchResultUsingDifferentDataSetTue_May_10_22_03_43_BST_2022.jpg><img src=C:\Users\Sairam12\IdeaProjects\nop-commerce-week13\orangehrm_week13\xcartdemoweek13\com_nopcommerce-sw-4_week13\cv-library-uk/test-output/html/verifyJobSearchResultUsingDifferentDataSetTue_May_10_22_03_43_BST_2022.jpg height=200 width=200></img></a>
                                Click to see screenshot
                                <a target = "_blank" href=C:\Users\Sairam12\IdeaProjects\nop-commerce-week13\orangehrm_week13\xcartdemoweek13\com_nopcommerce-sw-4_week13\cv-library-uk/test-output/html/verifyJobSearchResultUsingDifferentDataSetTue_May_10_22_03_44_BST_2022.jpg>Screenshot</a>
                                <br>
                                <br>
                                <a target = "_blank" href=C:\Users\Sairam12\IdeaProjects\nop-commerce-week13\orangehrm_week13\xcartdemoweek13\com_nopcommerce-sw-4_week13\cv-library-uk/test-output/html/verifyJobSearchResultUsingDifferentDataSetTue_May_10_22_03_44_BST_2022.jpg><img src=C:\Users\Sairam12\IdeaProjects\nop-commerce-week13\orangehrm_week13\xcartdemoweek13\com_nopcommerce-sw-4_week13\cv-library-uk/test-output/html/verifyJobSearchResultUsingDifferentDataSetTue_May_10_22_03_44_BST_2022.jpg height=200 width=200></img></a>
                  </div>
    

        <a href="javascript:toggleElement('exception-5', 'block')" title="Click to expand/collapse"><b>org.openqa.selenium.NoSuchElementException: no such element: Unable to locate element: {&quot;method&quot;:&quot;xpath&quot;,&quot;selector&quot;:&quot;//h1[normalize-space()=&apos;Automation Tester jobs in Harrow on the Hill&apos;]&quot;}<br/>
&nbsp; (Session info: chrome=101.0.4951.54)<br/>
For documentation on this error, please visit: https://selenium.dev/exceptions/#no_such_element<br/>
Build info: version: &apos;4.1.3&apos;, revision: &apos;7b1ebf28ef&apos;<br/>
System info: host: &apos;RISHABH&apos;, ip: &apos;192.168.0.15&apos;, os.name: &apos;Windows 10&apos;, os.arch: &apos;amd64&apos;, os.version: &apos;10.0&apos;, java.version: &apos;1.8.0_121&apos;<br/>
Driver info: org.openqa.selenium.chrome.ChromeDriver<br/>
Command: [4e3e0e0a3f326310733696011b82e983, findElement {using=xpath, value=//h1[normalize-space()=&apos;Automation Tester jobs in Harrow on the Hill&apos;]}]<br/>
Capabilities {acceptInsecureCerts: false, browserName: chrome, browserVersion: 101.0.4951.54, chrome: {chromedriverVersion: 101.0.4951.41 (93c720db8323..., userDataDir: C:\Users\Sairam12\AppData\L...}, goog:chromeOptions: {debuggerAddress: localhost:52033}, javascriptEnabled: true, networkConnectionEnabled: false, pageLoadStrategy: normal, platform: WINDOWS, platformName: WINDOWS, proxy: Proxy(), se:cdp: ws://localhost:52033/devtoo..., se:cdpVersion: 101.0.4951.54, setWindowRect: true, strictFileInteractability: false, timeouts: {implicit: 0, pageLoad: 300000, script: 30000}, unhandledPromptBehavior: dismiss and notify, webauthn:extension:credBlob: true, webauthn:extension:largeBlob: true, webauthn:virtualAuthenticators: true}<br/>
Session ID: 4e3e0e0a3f326310733696011b82e983</b></a><br />
    <div class="stackTrace" id="exception-5">
              sun.reflect.NativeConstructorAccessorImpl.newInstance0(Native Method)<br />
              sun.reflect.NativeConstructorAccessorImpl.newInstance(NativeConstructorAccessorImpl.java:62)<br />
              sun.reflect.DelegatingConstructorAccessorImpl.newInstance(DelegatingConstructorAccessorImpl.java:45)<br />
              java.lang.reflect.Constructor.newInstance(Constructor.java:423)<br />
              org.openqa.selenium.remote.codec.w3c.W3CHttpResponseCodec.createException(W3CHttpResponseCodec.java:200)<br />
              org.openqa.selenium.remote.codec.w3c.W3CHttpResponseCodec.decode(W3CHttpResponseCodec.java:133)<br />
              org.openqa.selenium.remote.codec.w3c.W3CHttpResponseCodec.decode(W3CHttpResponseCodec.java:53)<br />
              org.openqa.selenium.remote.HttpCommandExecutor.execute(HttpCommandExecutor.java:184)<br />
              org.openqa.selenium.remote.service.DriverCommandExecutor.invokeExecute(DriverCommandExecutor.java:167)<br />
              org.openqa.selenium.remote.service.DriverCommandExecutor.execute(DriverCommandExecutor.java:142)<br />
              org.openqa.selenium.remote.RemoteWebDriver.execute(RemoteWebDriver.java:567)<br />
              org.openqa.selenium.remote.ElementLocation$ElementFinder$2.findElement(ElementLocation.java:162)<br />
              org.openqa.selenium.remote.ElementLocation.findElement(ElementLocation.java:60)<br />
              org.openqa.selenium.remote.RemoteWebDriver.findElement(RemoteWebDriver.java:385)<br />
              org.openqa.selenium.remote.RemoteWebDriver.findElement(RemoteWebDriver.java:377)<br />
              org.openqa.selenium.support.pagefactory.DefaultElementLocator.findElement(DefaultElementLocator.java:70)<br />
              org.openqa.selenium.support.pagefactory.internal.LocatingElementHandler.invoke(LocatingElementHandler.java:39)<br />
              com.sun.proxy.$Proxy17.getText(Unknown Source)<br />
              uk.co.library.utility.Utility.getTextFromElement(Utility.java:41)<br />
              uk.co.library.pages.ResultPage.getSearchResultText(ResultPage.java:25)<br />
              uk.co.library.pages.ResultPage.verifyTheResults(ResultPage.java:31)<br />
              uk.co.library.testsuite.JobSearchTest.verifyJobSearchResultUsingDifferentDataSet(JobSearchTest.java:37)<br />
              sun.reflect.NativeMethodAccessorImpl.invoke0(Native Method)<br />
              sun.reflect.NativeMethodAccessorImpl.invoke(NativeMethodAccessorImpl.java:62)<br />
              sun.reflect.DelegatingMethodAccessorImpl.invoke(DelegatingMethodAccessorImpl.java:43)<br />
              java.lang.reflect.Method.invoke(Method.java:498)<br />
              org.testng.internal.MethodInvocationHelper.invokeMethod(MethodInvocationHelper.java:124)<br />
              org.testng.internal.Invoker.invokeMethod(Invoker.java:583)<br />
              org.testng.internal.Invoker.invokeTestMethod(Invoker.java:719)<br />
              org.testng.internal.Invoker.invokeTestMethods(Invoker.java:989)<br />
              org.testng.internal.TestMethodWorker.invokeTestMethods(TestMethodWorker.java:125)<br />
              org.testng.internal.TestMethodWorker.run(TestMethodWorker.java:109)<br />
              org.testng.TestRunner.privateRun(TestRunner.java:648)<br />
              org.testng.TestRunner.run(TestRunner.java:505)<br />
              org.testng.SuiteRunner.runTest(SuiteRunner.java:455)<br />
              org.testng.SuiteRunner.runSequentially(SuiteRunner.java:450)<br />
              org.testng.SuiteRunner.privateRun(SuiteRunner.java:415)<br />
              org.testng.SuiteRunner.run(SuiteRunner.java:364)<br />
              org.testng.SuiteRunnerWorker.runSuite(SuiteRunnerWorker.java:52)<br />
              org.testng.SuiteRunnerWorker.run(SuiteRunnerWorker.java:84)<br />
              org.testng.TestNG.runSuitesSequentially(TestNG.java:1208)<br />
              org.testng.TestNG.runSuitesLocally(TestNG.java:1137)<br />
              org.testng.TestNG.runSuites(TestNG.java:1049)<br />
              org.testng.TestNG.run(TestNG.java:1017)<br />
              com.intellij.rt.testng.IDEARemoteTestNG.run(IDEARemoteTestNG.java:66)<br />
              com.intellij.rt.testng.RemoteTestNGStarter.main(RemoteTestNGStarter.java:109)<br />
                </div>
      </td>
</tr>
<tr>
  <td class="method">
                  verifyJobSearchResultUsingDifferentDataSet
      </td>
  <td class="duration">
    37.942s
  </td>
  <td class="result">
        
          <i>Method arguments: </i><span class="arguments">"Retail Manager", "Horley", "up to 25 miles", "30000", "50000", "Per annum", "Permanent", "Permanent Retail Manager jobs in Horley"</span><br />
    
            <div class="testOutput">
                        Enter Job Title : 'Retail Manager' Job title field<br>
                                Enter location : 'Horley' location field<br>
                                Select distance : 'up to 25 miles' distance field<br>
                                Click on 'More Search Option' Link<br>
                                Enter minimum salary : '[[ChromeDriver: chrome on WINDOWS (79b937c98c0f2d155d9b1ced37d97592)] -> xpath: //input[@id='salarymin']]' Salary Min. field<br>
                                Enter maximum salary : '[[ChromeDriver: chrome on WINDOWS (79b937c98c0f2d155d9b1ced37d97592)] -> xpath: //input[@id='salarymax']]' Salary Max. field<br>
                                Select salary type : 'Per annum' from dropdown<br>
                                Select distance : 'Permanent' distance field<br>
                                More Search Options' link<br>
                                Click to see screenshot
                                <a target = "_blank" href=C:\Users\Sairam12\IdeaProjects\nop-commerce-week13\orangehrm_week13\xcartdemoweek13\com_nopcommerce-sw-4_week13\cv-library-uk/test-output/html/verifyJobSearchResultUsingDifferentDataSetTue_May_10_22_01_12_BST_2022.jpg>Screenshot</a>
                                <br>
                                <br>
                                <a target = "_blank" href=C:\Users\Sairam12\IdeaProjects\nop-commerce-week13\orangehrm_week13\xcartdemoweek13\com_nopcommerce-sw-4_week13\cv-library-uk/test-output/html/verifyJobSearchResultUsingDifferentDataSetTue_May_10_22_01_12_BST_2022.jpg><img src=C:\Users\Sairam12\IdeaProjects\nop-commerce-week13\orangehrm_week13\xcartdemoweek13\com_nopcommerce-sw-4_week13\cv-library-uk/test-output/html/verifyJobSearchResultUsingDifferentDataSetTue_May_10_22_01_12_BST_2022.jpg height=200 width=200></img></a>
                                Click to see screenshot
                                <a target = "_blank" href=C:\Users\Sairam12\IdeaProjects\nop-commerce-week13\orangehrm_week13\xcartdemoweek13\com_nopcommerce-sw-4_week13\cv-library-uk/test-output/html/verifyJobSearchResultUsingDifferentDataSetTue_May_10_22_01_13_BST_2022.jpg>Screenshot</a>
                                <br>
                                <br>
                                <a target = "_blank" href=C:\Users\Sairam12\IdeaProjects\nop-commerce-week13\orangehrm_week13\xcartdemoweek13\com_nopcommerce-sw-4_week13\cv-library-uk/test-output/html/verifyJobSearchResultUsingDifferentDataSetTue_May_10_22_01_13_BST_2022.jpg><img src=C:\Users\Sairam12\IdeaProjects\nop-commerce-week13\orangehrm_week13\xcartdemoweek13\com_nopcommerce-sw-4_week13\cv-library-uk/test-output/html/verifyJobSearchResultUsingDifferentDataSetTue_May_10_22_01_13_BST_2022.jpg height=200 width=200></img></a>
                  </div>
    

        <a href="javascript:toggleElement('exception-6', 'block')" title="Click to expand/collapse"><b>org.openqa.selenium.NoSuchElementException: no such element: Unable to locate element: {&quot;method&quot;:&quot;xpath&quot;,&quot;selector&quot;:&quot;//h1[normalize-space()=&apos;Automation Tester jobs in Harrow on the Hill&apos;]&quot;}<br/>
&nbsp; (Session info: chrome=101.0.4951.54)<br/>
For documentation on this error, please visit: https://selenium.dev/exceptions/#no_such_element<br/>
Build info: version: &apos;4.1.3&apos;, revision: &apos;7b1ebf28ef&apos;<br/>
System info: host: &apos;RISHABH&apos;, ip: &apos;192.168.0.15&apos;, os.name: &apos;Windows 10&apos;, os.arch: &apos;amd64&apos;, os.version: &apos;10.0&apos;, java.version: &apos;1.8.0_121&apos;<br/>
Driver info: org.openqa.selenium.chrome.ChromeDriver<br/>
Command: [79b937c98c0f2d155d9b1ced37d97592, findElement {using=xpath, value=//h1[normalize-space()=&apos;Automation Tester jobs in Harrow on the Hill&apos;]}]<br/>
Capabilities {acceptInsecureCerts: false, browserName: chrome, browserVersion: 101.0.4951.54, chrome: {chromedriverVersion: 101.0.4951.41 (93c720db8323..., userDataDir: C:\Users\Sairam12\AppData\L...}, goog:chromeOptions: {debuggerAddress: localhost:59760}, javascriptEnabled: true, networkConnectionEnabled: false, pageLoadStrategy: normal, platform: WINDOWS, platformName: WINDOWS, proxy: Proxy(), se:cdp: ws://localhost:59760/devtoo..., se:cdpVersion: 101.0.4951.54, setWindowRect: true, strictFileInteractability: false, timeouts: {implicit: 0, pageLoad: 300000, script: 30000}, unhandledPromptBehavior: dismiss and notify, webauthn:extension:credBlob: true, webauthn:extension:largeBlob: true, webauthn:virtualAuthenticators: true}<br/>
Session ID: 79b937c98c0f2d155d9b1ced37d97592</b></a><br />
    <div class="stackTrace" id="exception-6">
              sun.reflect.NativeConstructorAccessorImpl.newInstance0(Native Method)<br />
              sun.reflect.NativeConstructorAccessorImpl.newInstance(NativeConstructorAccessorImpl.java:62)<br />
              sun.reflect.DelegatingConstructorAccessorImpl.newInstance(DelegatingConstructorAccessorImpl.java:45)<br />
              java.lang.reflect.Constructor.newInstance(Constructor.java:423)<br />
              org.openqa.selenium.remote.codec.w3c.W3CHttpResponseCodec.createException(W3CHttpResponseCodec.java:200)<br />
              org.openqa.selenium.remote.codec.w3c.W3CHttpResponseCodec.decode(W3CHttpResponseCodec.java:133)<br />
              org.openqa.selenium.remote.codec.w3c.W3CHttpResponseCodec.decode(W3CHttpResponseCodec.java:53)<br />
              org.openqa.selenium.remote.HttpCommandExecutor.execute(HttpCommandExecutor.java:184)<br />
              org.openqa.selenium.remote.service.DriverCommandExecutor.invokeExecute(DriverCommandExecutor.java:167)<br />
              org.openqa.selenium.remote.service.DriverCommandExecutor.execute(DriverCommandExecutor.java:142)<br />
              org.openqa.selenium.remote.RemoteWebDriver.execute(RemoteWebDriver.java:567)<br />
              org.openqa.selenium.remote.ElementLocation$ElementFinder$2.findElement(ElementLocation.java:162)<br />
              org.openqa.selenium.remote.ElementLocation.findElement(ElementLocation.java:60)<br />
              org.openqa.selenium.remote.RemoteWebDriver.findElement(RemoteWebDriver.java:385)<br />
              org.openqa.selenium.remote.RemoteWebDriver.findElement(RemoteWebDriver.java:377)<br />
              org.openqa.selenium.support.pagefactory.DefaultElementLocator.findElement(DefaultElementLocator.java:70)<br />
              org.openqa.selenium.support.pagefactory.internal.LocatingElementHandler.invoke(LocatingElementHandler.java:39)<br />
              com.sun.proxy.$Proxy17.getText(Unknown Source)<br />
              uk.co.library.utility.Utility.getTextFromElement(Utility.java:41)<br />
              uk.co.library.pages.ResultPage.getSearchResultText(ResultPage.java:25)<br />
              uk.co.library.pages.ResultPage.verifyTheResults(ResultPage.java:31)<br />
              uk.co.library.testsuite.JobSearchTest.verifyJobSearchResultUsingDifferentDataSet(JobSearchTest.java:37)<br />
              sun.reflect.NativeMethodAccessorImpl.invoke0(Native Method)<br />
              sun.reflect.NativeMethodAccessorImpl.invoke(NativeMethodAccessorImpl.java:62)<br />
              sun.reflect.DelegatingMethodAccessorImpl.invoke(DelegatingMethodAccessorImpl.java:43)<br />
              java.lang.reflect.Method.invoke(Method.java:498)<br />
              org.testng.internal.MethodInvocationHelper.invokeMethod(MethodInvocationHelper.java:124)<br />
              org.testng.internal.Invoker.invokeMethod(Invoker.java:583)<br />
              org.testng.internal.Invoker.invokeTestMethod(Invoker.java:719)<br />
              org.testng.internal.Invoker.invokeTestMethods(Invoker.java:989)<br />
              org.testng.internal.TestMethodWorker.invokeTestMethods(TestMethodWorker.java:125)<br />
              org.testng.internal.TestMethodWorker.run(TestMethodWorker.java:109)<br />
              org.testng.TestRunner.privateRun(TestRunner.java:648)<br />
              org.testng.TestRunner.run(TestRunner.java:505)<br />
              org.testng.SuiteRunner.runTest(SuiteRunner.java:455)<br />
              org.testng.SuiteRunner.runSequentially(SuiteRunner.java:450)<br />
              org.testng.SuiteRunner.privateRun(SuiteRunner.java:415)<br />
              org.testng.SuiteRunner.run(SuiteRunner.java:364)<br />
              org.testng.SuiteRunnerWorker.runSuite(SuiteRunnerWorker.java:52)<br />
              org.testng.SuiteRunnerWorker.run(SuiteRunnerWorker.java:84)<br />
              org.testng.TestNG.runSuitesSequentially(TestNG.java:1208)<br />
              org.testng.TestNG.runSuitesLocally(TestNG.java:1137)<br />
              org.testng.TestNG.runSuites(TestNG.java:1049)<br />
              org.testng.TestNG.run(TestNG.java:1017)<br />
              com.intellij.rt.testng.IDEARemoteTestNG.run(IDEARemoteTestNG.java:66)<br />
              com.intellij.rt.testng.RemoteTestNGStarter.main(RemoteTestNGStarter.java:109)<br />
                </div>
      </td>
</tr>
      </table>


  
</body>
</html>
